Flutter crash report.
Please report a bug at https://github.com/flutter/flutter/issues.

## command

flutter debug_adapter

## exception

_Exception: Exception: lookupResolvedPackageUris result contained more results than the request. See https://github.com/dart-lang/sdk/issues/52632

```
```

## flutter doctor

```
[✓] Flutter (Channel stable, 3.22.2, on macOS 14.5 23F79 darwin-arm64, locale en-AE)
    • Flutter version 3.22.2 on channel stable at /Users/shaikhriyaz/Documents/sdk/flutter
    • Upstream repository https://github.com/flutter/flutter.git
    • Framework revision 761747bfc5 (7 weeks ago), 2024-06-05 22:15:13 +0200
    • Engine revision edd8546116
    • Dart version 3.4.3
    • DevTools version 2.34.3

[!] Android toolchain - develop for Android devices (Android SDK version 34.0.0)
    • Android SDK at /Users/shaikhriyaz/Library/Android/sdk
    • Platform android-34-ext8, build-tools 34.0.0
    • ANDROID_HOME = /Users/shaikhriyaz/Library/Android/sdk
    • Java binary at: /Applications/Android Studio.app/Contents/jbr/Contents/Home/bin/java
    • Java version OpenJDK Runtime Environment (build 17.0.9+0-17.0.9b1087.7-11185874)
    ! Some Android licenses not accepted. To resolve this, run: flutter doctor --android-licenses

[✓] Xcode - develop for iOS and macOS (Xcode 15.4)
    • Xcode at /Applications/Xcode.app/Contents/Developer
    • Build 15F31d
    • CocoaPods version 1.15.2

[✓] Chrome - develop for the web
    • Chrome at /Applications/Google Chrome.app/Contents/MacOS/Google Chrome

[✓] Android Studio (version 2023.2)
    • Android Studio at /Applications/Android Studio.app/Contents
    • Flutter plugin can be installed from:
      🔨 https://plugins.jetbrains.com/plugin/9212-flutter
    • Dart plugin can be installed from:
      🔨 https://plugins.jetbrains.com/plugin/6351-dart
    • Java version OpenJDK Runtime Environment (build 17.0.9+0-17.0.9b1087.7-11185874)

[✓] VS Code (version 1.91.1)
    • VS Code at /Applications/Visual Studio Code.app/Contents
    • Flutter extension version 3.92.0

[✓] Connected device (5 available)
    • sdk gphone64 arm64 (mobile)     • emulator-5554                        • android-arm64  • Android 14 (API 34) (emulator)
    • iPhone 15 Pro (mobile)          • 0150C9E1-31C0-4AF5-969A-4B73C0AB9ACA • ios            • com.apple.CoreSimulator.SimRuntime.iOS-17-4 (simulator)
    • macOS (desktop)                 • macos                                • darwin-arm64   • macOS 14.5 23F79 darwin-arm64
    • Mac Designed for iPad (desktop) • mac-designed-for-ipad                • darwin         • macOS 14.5 23F79 darwin-arm64
    • Chrome (web)                    • chrome                               • web-javascript • Google Chrome 126.0.6478.183

[✓] Network resources
    • All expected network resources are available.

! Doctor found issues in 1 category.
```
